{"/Users/KTH/Documents/GitHub/CWDO/actions/conversation.js":{"path":"/Users/KTH/Documents/GitHub/CWDO/actions/conversation.js","s":{"1":1,"2":1,"3":1,"4":2,"5":2,"6":2,"7":1,"8":1,"9":1,"10":1,"11":1,"12":1,"13":1,"14":0,"15":1,"16":1},"b":{"1":[0,1]},"f":{"1":2,"2":2,"3":1},"fnMap":{"1":{"name":"main","line":18,"loc":{"start":{"line":18,"column":0},"end":{"line":18,"column":22}}},"2":{"name":"(anonymous_2)","line":19,"loc":{"start":{"line":19,"column":21},"end":{"line":19,"column":46}}},"3":{"name":"(anonymous_3)","line":38,"loc":{"start":{"line":38,"column":7},"end":{"line":38,"column":31}}}},"statementMap":{"1":{"start":{"line":15,"column":0},"end":{"line":15,"column":33}},"2":{"start":{"line":16,"column":0},"end":{"line":16,"column":49}},"3":{"start":{"line":18,"column":0},"end":{"line":45,"column":1}},"4":{"start":{"line":19,"column":2},"end":{"line":44,"column":5}},"5":{"start":{"line":20,"column":4},"end":{"line":20,"column":44}},"6":{"start":{"line":21,"column":4},"end":{"line":21,"column":62}},"7":{"start":{"line":22,"column":4},"end":{"line":22,"column":62}},"8":{"start":{"line":23,"column":4},"end":{"line":23,"column":70}},"9":{"start":{"line":24,"column":4},"end":{"line":24,"column":56}},"10":{"start":{"line":25,"column":4},"end":{"line":25,"column":60}},"11":{"start":{"line":27,"column":4},"end":{"line":32,"column":7}},"12":{"start":{"line":34,"column":4},"end":{"line":43,"column":7}},"13":{"start":{"line":39,"column":6},"end":{"line":41,"column":7}},"14":{"start":{"line":40,"column":8},"end":{"line":40,"column":27}},"15":{"start":{"line":42,"column":6},"end":{"line":42,"column":31}},"16":{"start":{"line":47,"column":0},"end":{"line":47,"column":27}}},"branchMap":{"1":{"line":39,"type":"if","locations":[{"start":{"line":39,"column":6},"end":{"line":39,"column":6}},{"start":{"line":39,"column":6},"end":{"line":39,"column":6}}]}}},"/Users/KTH/Documents/GitHub/CWDO/actions/discovery.js":{"path":"/Users/KTH/Documents/GitHub/CWDO/actions/discovery.js","s":{"1":1,"2":1,"3":1,"4":6,"5":6,"6":6,"7":4,"8":4,"9":4,"10":4,"11":4,"12":4,"13":2,"14":2,"15":2,"16":2,"17":2,"18":0,"19":2,"20":2,"21":2,"22":2,"23":0,"24":0,"25":0,"26":0,"27":0,"28":0,"29":0,"30":0,"31":2,"32":2,"33":2,"34":2,"35":2,"36":2,"37":1},"b":{"1":[2,2],"2":[4,2],"3":[0,2],"4":[2,2]},"f":{"1":6,"2":6,"3":2},"fnMap":{"1":{"name":"main","line":19,"loc":{"start":{"line":19,"column":0},"end":{"line":19,"column":22}}},"2":{"name":"(anonymous_2)","line":20,"loc":{"start":{"line":20,"column":21},"end":{"line":20,"column":48}}},"3":{"name":"(anonymous_3)","line":44,"loc":{"start":{"line":44,"column":9},"end":{"line":44,"column":29}}}},"statementMap":{"1":{"start":{"line":16,"column":0},"end":{"line":16,"column":33}},"2":{"start":{"line":17,"column":0},"end":{"line":17,"column":67}},"3":{"start":{"line":19,"column":0},"end":{"line":80,"column":1}},"4":{"start":{"line":20,"column":2},"end":{"line":79,"column":5}},"5":{"start":{"line":21,"column":4},"end":{"line":21,"column":44}},"6":{"start":{"line":22,"column":4},"end":{"line":22,"column":62}},"7":{"start":{"line":23,"column":4},"end":{"line":23,"column":62}},"8":{"start":{"line":24,"column":4},"end":{"line":24,"column":74}},"9":{"start":{"line":25,"column":4},"end":{"line":25,"column":72}},"10":{"start":{"line":26,"column":4},"end":{"line":26,"column":56}},"11":{"start":{"line":27,"column":4},"end":{"line":27,"column":58}},"12":{"start":{"line":30,"column":4},"end":{"line":78,"column":5}},"13":{"start":{"line":32,"column":6},"end":{"line":36,"column":9}},"14":{"start":{"line":38,"column":6},"end":{"line":38,"column":39}},"15":{"start":{"line":39,"column":6},"end":{"line":39,"column":32}},"16":{"start":{"line":41,"column":6},"end":{"line":70,"column":9}},"17":{"start":{"line":45,"column":8},"end":{"line":47,"column":9}},"18":{"start":{"line":46,"column":10},"end":{"line":46,"column":29}},"19":{"start":{"line":49,"column":8},"end":{"line":49,"column":18}},"20":{"start":{"line":50,"column":8},"end":{"line":50,"column":34}},"21":{"start":{"line":52,"column":8},"end":{"line":61,"column":9}},"22":{"start":{"line":53,"column":10},"end":{"line":53,"column":74}},"23":{"start":{"line":54,"column":10},"end":{"line":59,"column":12}},"24":{"start":{"line":60,"column":10},"end":{"line":60,"column":14}},"25":{"start":{"line":63,"column":8},"end":{"line":63,"column":38}},"26":{"start":{"line":65,"column":8},"end":{"line":65,"column":58}},"27":{"start":{"line":66,"column":8},"end":{"line":66,"column":42}},"28":{"start":{"line":67,"column":8},"end":{"line":67,"column":45}},"29":{"start":{"line":68,"column":8},"end":{"line":68,"column":45}},"30":{"start":{"line":69,"column":8},"end":{"line":69,"column":45}},"31":{"start":{"line":72,"column":6},"end":{"line":72,"column":30}},"32":{"start":{"line":73,"column":6},"end":{"line":73,"column":39}},"33":{"start":{"line":74,"column":6},"end":{"line":74,"column":38}},"34":{"start":{"line":75,"column":6},"end":{"line":75,"column":33}},"35":{"start":{"line":76,"column":6},"end":{"line":76,"column":33}},"36":{"start":{"line":77,"column":6},"end":{"line":77,"column":29}},"37":{"start":{"line":82,"column":0},"end":{"line":82,"column":27}}},"branchMap":{"1":{"line":30,"type":"if","locations":[{"start":{"line":30,"column":4},"end":{"line":30,"column":4}},{"start":{"line":30,"column":4},"end":{"line":30,"column":4}}]},"2":{"line":30,"type":"binary-expr","locations":[{"start":{"line":30,"column":7},"end":{"line":30,"column":45}},{"start":{"line":30,"column":49},"end":{"line":30,"column":102}}]},"3":{"line":45,"type":"if","locations":[{"start":{"line":45,"column":8},"end":{"line":45,"column":8}},{"start":{"line":45,"column":8},"end":{"line":45,"column":8}}]},"4":{"line":52,"type":"binary-expr","locations":[{"start":{"line":52,"column":15},"end":{"line":52,"column":30}},{"start":{"line":52,"column":34},"end":{"line":52,"column":39}}]}}}}