TN:
SF:/Users/KTH/Documents/GitHub/CWDO/actions/conversation.js
FN:18,main
FN:19,(anonymous_2)
FN:38,(anonymous_3)
FNF:3
FNH:3
FNDA:2,main
FNDA:2,(anonymous_2)
FNDA:1,(anonymous_3)
DA:15,1
DA:16,1
DA:18,1
DA:19,2
DA:20,2
DA:21,2
DA:22,1
DA:23,1
DA:24,1
DA:25,1
DA:27,1
DA:34,1
DA:39,1
DA:40,0
DA:42,1
DA:47,1
LF:16
LH:15
BRDA:39,1,0,0
BRDA:39,1,1,1
BRF:2
BRH:1
end_of_record
TN:
SF:/Users/KTH/Documents/GitHub/CWDO/actions/discovery.js
FN:19,main
FN:20,(anonymous_2)
FN:44,(anonymous_3)
FNF:3
FNH:3
FNDA:6,main
FNDA:6,(anonymous_2)
FNDA:2,(anonymous_3)
DA:16,1
DA:17,1
DA:19,1
DA:20,6
DA:21,6
DA:22,6
DA:23,4
DA:24,4
DA:25,4
DA:26,4
DA:27,4
DA:30,4
DA:32,2
DA:38,2
DA:39,2
DA:41,2
DA:45,2
DA:46,0
DA:49,2
DA:50,2
DA:52,2
DA:53,2
DA:54,0
DA:60,0
DA:63,0
DA:65,0
DA:66,0
DA:67,0
DA:68,0
DA:69,0
DA:72,2
DA:73,2
DA:74,2
DA:75,2
DA:76,2
DA:77,2
DA:82,1
LF:37
LH:28
BRDA:30,1,0,2
BRDA:30,1,1,2
BRDA:30,2,0,4
BRDA:30,2,1,2
BRDA:45,3,0,0
BRDA:45,3,1,2
BRDA:52,4,0,2
BRDA:52,4,1,2
BRF:8
BRH:7
end_of_record
